<?xml version="1.0" encoding="UTF-8"?>
<!-- Generated by org.testng.reporters.JUnitXMLReporter -->
<testsuite ignored="19" hostname="Webtrixs-MacBook-Air.local" failures="1" tests="1" name="Default test" time="107.102" errors="0" timestamp="2026-01-16T17:47:58 IST">
  <testcase classname="com.webtrix24.rental.tests.customer.CustomerCreatePositiveTest" name="verifyValidCustomerForm" time="28.959">
    <failure type="org.openqa.selenium.TimeoutException" message="Expected condition failed: waiting for element to be clickable: By.xpath: //div[@role=&amp;apos;option&amp;apos;]//span[contains(normalize-space(),&amp;apos;FB&amp;apos;)] (tried for 10 second(s) with 500 milliseconds interval)
Build info: version: &amp;apos;4.17.0&amp;apos;, revision: &amp;apos;e52b1be057*&amp;apos;
System info: os.name: &amp;apos;Mac OS X&amp;apos;, os.arch: &amp;apos;x86_64&amp;apos;, os.version: &amp;apos;14.1.1&amp;apos;, java.version: &amp;apos;17&amp;apos;
Driver info: org.openqa.selenium.chrome.ChromeDriver
Capabilities {acceptInsecureCerts: false, browserName: chrome, browserVersion: 143.0.7499.193, chrome: {chromedriverVersion: 143.0.7499.192 (be2c1f4fd45..., userDataDir: /var/folders/2w/qcmlvkks7l5...}, fedcm:accounts: true, goog:chromeOptions: {debuggerAddress: localhost:50133}, goog:processID: 3550, networkConnectionEnabled: false, pageLoadStrategy: normal, platformName: mac, proxy: Proxy(), se:cdp: ws://localhost:50133/devtoo..., se:cdpVersion: 143.0.7499.193, setWindowRect: true, strictFileInteractability: false, timeouts: {implicit: 0, pageLoad: 300000, script: 30000}, unhandledPromptBehavior: dismiss and notify, webauthn:extension:credBlob: true, webauthn:extension:largeBlob: true, webauthn:extension:minPinLength: true, webauthn:extension:prf: true, webauthn:virtualAuthenticators: true}
Session ID: 640fdd170bb1a9683cfa12f297020278">
      <![CDATA[org.openqa.selenium.TimeoutException: Expected condition failed: waiting for element to be clickable: By.xpath: //div[@role='option']//span[contains(normalize-space(),'FB')] (tried for 10 second(s) with 500 milliseconds interval)
Build info: version: '4.17.0', revision: 'e52b1be057*'
System info: os.name: 'Mac OS X', os.arch: 'x86_64', os.version: '14.1.1', java.version: '17'
Driver info: org.openqa.selenium.chrome.ChromeDriver
Capabilities {acceptInsecureCerts: false, browserName: chrome, browserVersion: 143.0.7499.193, chrome: {chromedriverVersion: 143.0.7499.192 (be2c1f4fd45..., userDataDir: /var/folders/2w/qcmlvkks7l5...}, fedcm:accounts: true, goog:chromeOptions: {debuggerAddress: localhost:50133}, goog:processID: 3550, networkConnectionEnabled: false, pageLoadStrategy: normal, platformName: mac, proxy: Proxy(), se:cdp: ws://localhost:50133/devtoo..., se:cdpVersion: 143.0.7499.193, setWindowRect: true, strictFileInteractability: false, timeouts: {implicit: 0, pageLoad: 300000, script: 30000}, unhandledPromptBehavior: dismiss and notify, webauthn:extension:credBlob: true, webauthn:extension:largeBlob: true, webauthn:extension:minPinLength: true, webauthn:extension:prf: true, webauthn:virtualAuthenticators: true}
Session ID: 640fdd170bb1a9683cfa12f297020278
at org.openqa.selenium.support.ui.WebDriverWait.timeoutException(WebDriverWait.java:84)
at org.openqa.selenium.support.ui.FluentWait.until(FluentWait.java:228)
at com.webtrix24.rental.pages.CustomersPage.selectDropdownOption(CustomersPage.java:175)
at com.webtrix24.rental.pages.CustomersPage.fillCustomerForm(CustomersPage.java:350)
at com.webtrix24.rental.tests.customer.CustomerCreatePositiveTest.verifyValidCustomerForm(CustomerCreatePositiveTest.java:413)
at java.base/jdk.internal.reflect.NativeMethodAccessorImpl.invoke0(Native Method)
at java.base/jdk.internal.reflect.NativeMethodAccessorImpl.invoke(NativeMethodAccessorImpl.java:77)
at java.base/jdk.internal.reflect.DelegatingMethodAccessorImpl.invoke(DelegatingMethodAccessorImpl.java:43)
at java.base/java.lang.reflect.Method.invoke(Method.java:568)
at org.testng.internal.invokers.MethodInvocationHelper.invokeMethod(MethodInvocationHelper.java:141)
at org.testng.internal.invokers.TestInvoker.invokeMethod(TestInvoker.java:687)
at org.testng.internal.invokers.TestInvoker.invokeTestMethod(TestInvoker.java:230)
at org.testng.internal.invokers.MethodRunner.runInSequence(MethodRunner.java:63)
at org.testng.internal.invokers.TestInvoker$MethodInvocationAgent.invoke(TestInvoker.java:995)
at org.testng.internal.invokers.TestInvoker.invokeTestMethods(TestInvoker.java:203)
at org.testng.internal.invokers.TestMethodWorker.invokeTestMethods(TestMethodWorker.java:154)
at org.testng.internal.invokers.TestMethodWorker.run(TestMethodWorker.java:134)
at java.base/java.util.ArrayList.forEach(ArrayList.java:1511)
at org.testng.TestRunner.privateRun(TestRunner.java:741)
at org.testng.TestRunner.run(TestRunner.java:616)
at org.testng.SuiteRunner.runTest(SuiteRunner.java:421)
at org.testng.SuiteRunner.runSequentially(SuiteRunner.java:413)
at org.testng.SuiteRunner.privateRun(SuiteRunner.java:373)
at org.testng.SuiteRunner.run(SuiteRunner.java:312)
at org.testng.SuiteRunnerWorker.runSuite(SuiteRunnerWorker.java:52)
at org.testng.SuiteRunnerWorker.run(SuiteRunnerWorker.java:95)
at org.testng.TestNG.runSuitesSequentially(TestNG.java:1274)
at org.testng.TestNG.runSuitesLocally(TestNG.java:1208)
at org.testng.TestNG.runSuites(TestNG.java:1112)
at org.testng.TestNG.run(TestNG.java:1079)
at org.testng.remote.AbstractRemoteTestNG.run(AbstractRemoteTestNG.java:115)
at org.testng.remote.RemoteTestNG.initAndRun(RemoteTestNG.java:293)
at org.testng.remote.RemoteTestNG.main(RemoteTestNG.java:91)
]]>
    </failure>
  </testcase> <!-- verifyValidCustomerForm -->
  <testcase classname="com.webtrix24.rental.tests.customer.CustomerCreatePositiveTest" name="verifyCustomerWithZipcode" time="0.0">
    <ignored/>
  </testcase> <!-- verifyCustomerWithZipcode -->
  <testcase classname="com.webtrix24.rental.tests.customer.CustomerCreatePositiveTest" name="verifySaveAndNewClearsFormExceptAssignee" time="0.0">
    <ignored/>
  </testcase> <!-- verifySaveAndNewClearsFormExceptAssignee -->
  <testcase classname="com.webtrix24.rental.tests.customer.CustomerCreatePositiveTest" name="createCustomerValidGstState" time="0.0">
    <ignored/>
  </testcase> <!-- createCustomerValidGstState -->
  <testcase classname="com.webtrix24.rental.tests.customer.CustomerCreatePositiveTest" name="verifyAssigneeAutoFilledWithLoggedInUser" time="0.0">
    <ignored/>
  </testcase> <!-- verifyAssigneeAutoFilledWithLoggedInUser -->
  <testcase classname="com.webtrix24.rental.tests.customer.CustomerCreatePositiveTest" name="createEMailCustomer" time="0.0">
    <ignored/>
  </testcase> <!-- createEMailCustomer -->
  <testcase classname="com.webtrix24.rental.tests.customer.CustomerCreatePositiveTest" name="verifyCustomerWithWebsite" time="0.0">
    <ignored/>
  </testcase> <!-- verifyCustomerWithWebsite -->
  <testcase classname="com.webtrix24.rental.tests.customer.CustomerCreatePositiveTest" name="verifyCustomerAndBillingNameSame_AfterSave" time="0.0">
    <ignored/>
  </testcase> <!-- verifyCustomerAndBillingNameSame_AfterSave -->
  <testcase classname="com.webtrix24.rental.tests.customer.CustomerCreatePositiveTest" name="shouldCreateCustomerWithOnlySelectingSource" time="0.0">
    <ignored/>
  </testcase> <!-- shouldCreateCustomerWithOnlySelectingSource -->
  <testcase classname="com.webtrix24.rental.tests.customer.CustomerCreatePositiveTest" name="shouldCreateCustomerWithOnlyCustomerName" time="0.0">
    <ignored/>
  </testcase> <!-- shouldCreateCustomerWithOnlyCustomerName -->
  <testcase classname="com.webtrix24.rental.tests.customer.CustomerCreatePositiveTest" name="verifyCustomerAndBillingNameDifferent_AfterSave" time="0.0">
    <ignored/>
  </testcase> <!-- verifyCustomerAndBillingNameDifferent_AfterSave -->
  <testcase classname="com.webtrix24.rental.tests.customer.CustomerCreatePositiveTest" name="createMobileCustomer" time="0.0">
    <ignored/>
  </testcase> <!-- createMobileCustomer -->
  <testcase classname="com.webtrix24.rental.tests.customer.CustomerCreatePositiveTest" name="createPanCustomer" time="0.0">
    <ignored/>
  </testcase> <!-- createPanCustomer -->
  <testcase classname="com.webtrix24.rental.tests.customer.CustomerCreatePositiveTest" name="verifyValidCustomerFormInput" time="0.0">
    <ignored/>
  </testcase> <!-- verifyValidCustomerFormInput -->
  <testcase classname="com.webtrix24.rental.tests.customer.CustomerCreatePositiveTest" name="createGstCustomer" time="0.0">
    <ignored/>
  </testcase> <!-- createGstCustomer -->
  <testcase classname="com.webtrix24.rental.tests.customer.CustomerCreatePositiveTest" name="verifyCustomerWithBillingAddress" time="0.0">
    <ignored/>
  </testcase> <!-- verifyCustomerWithBillingAddress -->
  <testcase classname="com.webtrix24.rental.tests.customer.CustomerCreatePositiveTest" name="createCustomerMobileNumberWhatsaaNumberSame" time="0.0">
    <ignored/>
  </testcase> <!-- createCustomerMobileNumberWhatsaaNumberSame -->
  <testcase classname="com.webtrix24.rental.tests.customer.CustomerCreatePositiveTest" name="verifyPanNumberAutoConvertedToUppercase" time="0.0">
    <ignored/>
  </testcase> <!-- verifyPanNumberAutoConvertedToUppercase -->
  <testcase classname="com.webtrix24.rental.tests.customer.CustomerCreatePositiveTest" name="createCustomerMobileNumberWhatsaaNumberDifferent" time="0.0">
    <ignored/>
  </testcase> <!-- createCustomerMobileNumberWhatsaaNumberDifferent -->
  <testcase classname="com.webtrix24.rental.tests.customer.CustomerCreatePositiveTest" name="createAadharCustomer" time="0.0">
    <ignored/>
  </testcase> <!-- createAadharCustomer -->
</testsuite> <!-- Default test -->
