<?xml version="1.0" encoding="UTF-8"?>
<!-- Generated by org.testng.reporters.JUnitXMLReporter -->
<testsuite ignored="21" hostname="Webtrixs-MacBook-Air.local" failures="0" tests="2" name="Customer Create + Edit Regression" time="251.165" errors="0" timestamp="2026-01-17T15:33:26 IST">
  <testcase classname="com.webtrix24.rental.tests.customer.CustomerCreatePositiveTest" name="verifyValidCustomerForm" time="54.403"/>
  <testcase classname="com.webtrix24.rental.tests.customer.CustomerEditTest" name="shouldEditCustomerSuccessfully" time="60.501"/>
  <testcase classname="com.webtrix24.rental.tests.customer.CustomerCreatePositiveTest" name="createPanCustomer" time="0.0">
    <ignored/>
  </testcase> <!-- createPanCustomer -->
  <testcase classname="com.webtrix24.rental.tests.customer.CustomerEditTest" name="shouldOpenCustomerReportFromList" time="0.0">
    <ignored/>
  </testcase> <!-- shouldOpenCustomerReportFromList -->
  <testcase classname="com.webtrix24.rental.tests.customer.CustomerCreatePositiveTest" name="verifyCustomerAndBillingNameDifferent_AfterSave" time="0.0">
    <ignored/>
  </testcase> <!-- verifyCustomerAndBillingNameDifferent_AfterSave -->
  <testcase classname="com.webtrix24.rental.tests.customer.CustomerCreatePositiveTest" name="createGstCustomer" time="0.0">
    <ignored/>
  </testcase> <!-- createGstCustomer -->
  <testcase classname="com.webtrix24.rental.tests.customer.CustomerCreatePositiveTest" name="createAadharCustomer" time="0.0">
    <ignored/>
  </testcase> <!-- createAadharCustomer -->
  <testcase classname="com.webtrix24.rental.tests.customer.CustomerCreatePositiveTest" name="shouldCreateCustomerWithOnlySelectingSource" time="0.0">
    <ignored/>
  </testcase> <!-- shouldCreateCustomerWithOnlySelectingSource -->
  <testcase classname="com.webtrix24.rental.tests.customer.CustomerCreatePositiveTest" name="verifyValidCustomerFormInput" time="0.0">
    <ignored/>
  </testcase> <!-- verifyValidCustomerFormInput -->
  <testcase classname="com.webtrix24.rental.tests.customer.CustomerCreatePositiveTest" name="createCustomerValidGstState" time="0.0">
    <ignored/>
  </testcase> <!-- createCustomerValidGstState -->
  <testcase classname="com.webtrix24.rental.tests.customer.CustomerCreatePositiveTest" name="verifyCustomerWithWebsite" time="0.0">
    <ignored/>
  </testcase> <!-- verifyCustomerWithWebsite -->
  <testcase classname="com.webtrix24.rental.tests.customer.CustomerCreatePositiveTest" name="createEMailCustomer" time="0.0">
    <ignored/>
  </testcase> <!-- createEMailCustomer -->
  <testcase classname="com.webtrix24.rental.tests.customer.CustomerCreatePositiveTest" name="verifyCustomerWithZipcode" time="0.0">
    <ignored/>
  </testcase> <!-- verifyCustomerWithZipcode -->
  <testcase classname="com.webtrix24.rental.tests.customer.CustomerCreatePositiveTest" name="verifyCustomerAndBillingNameSame_AfterSave" time="0.0">
    <ignored/>
  </testcase> <!-- verifyCustomerAndBillingNameSame_AfterSave -->
  <testcase classname="com.webtrix24.rental.tests.customer.CustomerCreatePositiveTest" name="verifySaveAndNewClearsFormExceptAssignee" time="0.0">
    <ignored/>
  </testcase> <!-- verifySaveAndNewClearsFormExceptAssignee -->
  <testcase classname="com.webtrix24.rental.tests.customer.CustomerCreatePositiveTest" name="verifyAssigneeAutoFilledWithLoggedInUser" time="0.0">
    <ignored/>
  </testcase> <!-- verifyAssigneeAutoFilledWithLoggedInUser -->
  <testcase classname="com.webtrix24.rental.tests.customer.CustomerCreatePositiveTest" name="createCustomerMobileNumberWhatsaaNumberDifferent" time="0.0">
    <ignored/>
  </testcase> <!-- createCustomerMobileNumberWhatsaaNumberDifferent -->
  <testcase classname="com.webtrix24.rental.tests.customer.CustomerCreatePositiveTest" name="shouldCreateCustomerWithOnlyCustomerName" time="0.0">
    <ignored/>
  </testcase> <!-- shouldCreateCustomerWithOnlyCustomerName -->
  <testcase classname="com.webtrix24.rental.tests.customer.CustomerCreatePositiveTest" name="createCustomerMobileNumberWhatsaaNumberSame" time="0.0">
    <ignored/>
  </testcase> <!-- createCustomerMobileNumberWhatsaaNumberSame -->
  <testcase classname="com.webtrix24.rental.tests.customer.CustomerCreatePositiveTest" name="verifyCustomerWithBillingAddress" time="0.0">
    <ignored/>
  </testcase> <!-- verifyCustomerWithBillingAddress -->
  <testcase classname="com.webtrix24.rental.tests.customer.CustomerCreatePositiveTest" name="verifyPanNumberAutoConvertedToUppercase" time="0.0">
    <ignored/>
  </testcase> <!-- verifyPanNumberAutoConvertedToUppercase -->
  <testcase classname="com.webtrix24.rental.tests.customer.CustomerCreatePositiveTest" name="createMobileCustomer" time="0.0">
    <ignored/>
  </testcase> <!-- createMobileCustomer -->
  <testcase classname="com.webtrix24.rental.tests.customer.CustomerEditTest" name="shouldOpenCustomerEditForm" time="0.0">
    <ignored/>
  </testcase> <!-- shouldOpenCustomerEditForm -->
</testsuite> <!-- Customer Create + Edit Regression -->
