<?xml version="1.0" encoding="UTF-8"?>
<!-- Generated by org.testng.reporters.JUnitXMLReporter -->
<testsuite ignored="26" hostname="Webtrixs-MacBook-Air.local" failures="1" tests="1" name="Products" time="135.869" errors="0" timestamp="2026-01-29T18:31:47 IST">
  <testcase classname="com.webtrix24.rental.tests.products.ProductCreatePositiveTest" name="shouldAutoGenerateBarcodeWhenNotEntered" time="25.397">
    <failure type="java.lang.AssertionError" message="Product not saved successfully expected [true] but found [false]">
      <![CDATA[java.lang.AssertionError: Product not saved successfully expected [true] but found [false]
at com.webtrix24.rental.tests.products.ProductCreatePositiveTest.shouldAutoGenerateBarcodeWhenNotEntered(ProductCreatePositiveTest.java:296)
at java.base/java.util.ArrayList.forEach(ArrayList.java:1511)
... Removed 30 stack frames]]>
    </failure>
  </testcase> <!-- shouldAutoGenerateBarcodeWhenNotEntered -->
  <testcase classname="com.webtrix24.rental.tests.products.ProductCreatePositiveTest" name="verifyProductScreenSizeSelectionFromDropdown" time="0.0">
    <ignored/>
  </testcase> <!-- verifyProductScreenSizeSelectionFromDropdown -->
  <testcase classname="com.webtrix24.rental.tests.products.ProductCreatePositiveTest" name="verifyDescription" time="0.0">
    <ignored/>
  </testcase> <!-- verifyDescription -->
  <testcase classname="com.webtrix24.rental.tests.products.ProductCreatePositiveTest" name="verifyProductSerailNumEnteredField" time="0.0">
    <ignored/>
  </testcase> <!-- verifyProductSerailNumEnteredField -->
  <testcase classname="com.webtrix24.rental.tests.products.ProductCreatePositiveTest" name="verifyEditProduct" time="0.0">
    <ignored/>
  </testcase> <!-- verifyEditProduct -->
  <testcase classname="com.webtrix24.rental.tests.products.ProductCreatePositiveTest" name="verifyProductOperatingSystemSelectionFromDropdown" time="0.0">
    <ignored/>
  </testcase> <!-- verifyProductOperatingSystemSelectionFromDropdown -->
  <testcase classname="com.webtrix24.rental.tests.products.ProductCreatePositiveTest" name="verifyProductTypeSelectionFromDropdown" time="0.0">
    <ignored/>
  </testcase> <!-- verifyProductTypeSelectionFromDropdown -->
  <testcase classname="com.webtrix24.rental.tests.products.ProductCreatePositiveTest" name="verifyWarrantyUpToDateSelection" time="0.0">
    <ignored/>
  </testcase> <!-- verifyWarrantyUpToDateSelection -->
  <testcase classname="com.webtrix24.rental.tests.products.ProductCreatePositiveTest" name="verifySaveAndNewClearsForm" time="0.0">
    <ignored/>
  </testcase> <!-- verifySaveAndNewClearsForm -->
  <testcase classname="com.webtrix24.rental.tests.products.ProductCreatePositiveTest" name="verifyCancelProductCreation" time="0.0">
    <ignored/>
  </testcase> <!-- verifyCancelProductCreation -->
  <testcase classname="com.webtrix24.rental.tests.products.ProductCreatePositiveTest" name="verifyCreateProductWithAllValidData" time="0.0">
    <ignored/>
  </testcase> <!-- verifyCreateProductWithAllValidData -->
  <testcase classname="com.webtrix24.rental.tests.products.ProductCreatePositiveTest" name="verifyPurchaseDateSelection" time="0.0">
    <ignored/>
  </testcase> <!-- verifyPurchaseDateSelection -->
  <testcase classname="com.webtrix24.rental.tests.products.ProductCreatePositiveTest" name="verifyProductMemorySelectionFromDropdown" time="0.0">
    <ignored/>
  </testcase> <!-- verifyProductMemorySelectionFromDropdown -->
  <testcase classname="com.webtrix24.rental.tests.products.ProductCreatePositiveTest" name="verifyRentalRateMonthlyEntred" time="0.0">
    <ignored/>
  </testcase> <!-- verifyRentalRateMonthlyEntred -->
  <testcase classname="com.webtrix24.rental.tests.products.ProductCreatePositiveTest" name="verifyProductHDDCapacitySelectionFromDropdown" time="0.0">
    <ignored/>
  </testcase> <!-- verifyProductHDDCapacitySelectionFromDropdown -->
  <testcase classname="com.webtrix24.rental.tests.products.ProductCreatePositiveTest" name="verifyBarcodeEnterManually" time="0.0">
    <ignored/>
  </testcase> <!-- verifyBarcodeEnterManually -->
  <testcase classname="com.webtrix24.rental.tests.products.ProductCreatePositiveTest" name="verifyProductunitSelectionFromDropdown" time="0.0">
    <ignored/>
  </testcase> <!-- verifyProductunitSelectionFromDropdown -->
  <testcase classname="com.webtrix24.rental.tests.products.ProductCreatePositiveTest" name="verifyProductVendorSelectionFromDropdown" time="0.0">
    <ignored/>
  </testcase> <!-- verifyProductVendorSelectionFromDropdown -->
  <testcase classname="com.webtrix24.rental.tests.products.ProductCreatePositiveTest" name="verifyPurchasePriceEntred" time="0.0">
    <ignored/>
  </testcase> <!-- verifyPurchasePriceEntred -->
  <testcase classname="com.webtrix24.rental.tests.products.ProductCreatePositiveTest" name="verifyProductModelNameSelectionFromDropdown" time="0.0">
    <ignored/>
  </testcase> <!-- verifyProductModelNameSelectionFromDropdown -->
  <testcase classname="com.webtrix24.rental.tests.products.ProductCreatePositiveTest" name="verifyProductSelectionFromDropdown" time="0.0">
    <ignored/>
  </testcase> <!-- verifyProductSelectionFromDropdown -->
  <testcase classname="com.webtrix24.rental.tests.products.ProductCreatePositiveTest" name="verifyIMEINo" time="0.0">
    <ignored/>
  </testcase> <!-- verifyIMEINo -->
  <testcase classname="com.webtrix24.rental.tests.products.ProductCreatePositiveTest" name="verifyProductModelNumberSelectionFromDropdown" time="0.0">
    <ignored/>
  </testcase> <!-- verifyProductModelNumberSelectionFromDropdown -->
  <testcase classname="com.webtrix24.rental.tests.products.ProductCreatePositiveTest" name="verifyConditionDropdown" time="0.0">
    <ignored/>
  </testcase> <!-- verifyConditionDropdown -->
  <testcase classname="com.webtrix24.rental.tests.products.ProductCreatePositiveTest" name="verifyProductProcessorSelectionFromDropdown" time="0.0">
    <ignored/>
  </testcase> <!-- verifyProductProcessorSelectionFromDropdown -->
  <testcase classname="com.webtrix24.rental.tests.products.ProductCreatePositiveTest" name="verifyProductVGraphicsCardFromDropdown" time="0.0">
    <ignored/>
  </testcase> <!-- verifyProductVGraphicsCardFromDropdown -->
  <testcase classname="com.webtrix24.rental.tests.products.ProductCreatePositiveTest" name="verifyProductGenerationSelectionFromDropdown" time="0.0">
    <ignored/>
  </testcase> <!-- verifyProductGenerationSelectionFromDropdown -->
</testsuite> <!-- Products -->
