<?xml version="1.0" encoding="UTF-8"?>
<!-- Generated by org.testng.reporters.JUnitXMLReporter -->
<testsuite ignored="0" hostname="Webtrixs-MacBook-Air.local" failures="12" tests="16" name="Test" time="146.487" errors="0" timestamp="2026-01-07T09:04:51 IST">
  <testcase classname="com.webtrix24.rental.tests.customer.CustomerCreateNegativeTest" name="verifyCustomerNameMandatoryValidation" time="3.463"/>
  <testcase classname="com.webtrix24.rental.tests.customer.CustomerCreateNegativeTest" name="verifyInvalidCustomerNameWithMultipleData" time="7.544"/>
  <testcase classname="com.webtrix24.rental.tests.customer.CustomerCreateNegativeTest" name="verifyInvalidCustomerNameWithMultipleData" time="1.501"/>
  <testcase classname="com.webtrix24.rental.tests.customer.CustomerCreateNegativeTest" name="verifyInvalidCustomerNameWithMultipleData" time="1.091"/>
  <testcase classname="com.webtrix24.rental.tests.customer.CustomerCreateNegativeTest" name="verifyCustomerEmailRejectsInvalidEmail" time="3.187">
    <failure type="java.lang.AssertionError" message="BUG: Invalid Email ACCEPTED @gmail.com expected [true] but found [false]">
      <![CDATA[java.lang.AssertionError: BUG: Invalid Email ACCEPTED @gmail.com expected [true] but found [false]
at com.webtrix24.rental.tests.customer.CustomerCreateNegativeTest.verifyCustomerEmailRejectsInvalidEmail(CustomerCreateNegativeTest.java:141)
at java.base/java.util.ArrayList.forEach(ArrayList.java:1511)
... Removed 30 stack frames]]>
    </failure>
  </testcase> <!-- verifyCustomerEmailRejectsInvalidEmail -->
  <testcase classname="com.webtrix24.rental.tests.customer.CustomerCreateNegativeTest" name="verifyCustomerEmailRejectsInvalidEmail" time="4.026">
    <failure type="java.lang.AssertionError" message="BUG: Invalid Email ACCEPTED .john@gmail.com expected [true] but found [false]">
      <![CDATA[java.lang.AssertionError: BUG: Invalid Email ACCEPTED .john@gmail.com expected [true] but found [false]
at com.webtrix24.rental.tests.customer.CustomerCreateNegativeTest.verifyCustomerEmailRejectsInvalidEmail(CustomerCreateNegativeTest.java:141)
at java.base/java.util.ArrayList.forEach(ArrayList.java:1511)
... Removed 30 stack frames]]>
    </failure>
  </testcase> <!-- verifyCustomerEmailRejectsInvalidEmail -->
  <testcase classname="com.webtrix24.rental.tests.customer.CustomerCreateNegativeTest" name="verifyCustomerEmailRejectsInvalidEmail" time="1.608">
    <failure type="java.lang.AssertionError" message="BUG: Invalid Email ACCEPTED john.@gmail.com expected [true] but found [false]">
      <![CDATA[java.lang.AssertionError: BUG: Invalid Email ACCEPTED john.@gmail.com expected [true] but found [false]
at com.webtrix24.rental.tests.customer.CustomerCreateNegativeTest.verifyCustomerEmailRejectsInvalidEmail(CustomerCreateNegativeTest.java:141)
at java.base/java.util.ArrayList.forEach(ArrayList.java:1511)
... Removed 30 stack frames]]>
    </failure>
  </testcase> <!-- verifyCustomerEmailRejectsInvalidEmail -->
  <testcase classname="com.webtrix24.rental.tests.customer.CustomerCreateNegativeTest" name="verifyCustomerEmailRejectsInvalidEmail" time="1.642">
    <failure type="java.lang.AssertionError" message="BUG: Invalid Email ACCEPTED jo..hn@gmail.com expected [true] but found [false]">
      <![CDATA[java.lang.AssertionError: BUG: Invalid Email ACCEPTED jo..hn@gmail.com expected [true] but found [false]
at com.webtrix24.rental.tests.customer.CustomerCreateNegativeTest.verifyCustomerEmailRejectsInvalidEmail(CustomerCreateNegativeTest.java:141)
at java.base/java.util.ArrayList.forEach(ArrayList.java:1511)
... Removed 30 stack frames]]>
    </failure>
  </testcase> <!-- verifyCustomerEmailRejectsInvalidEmail -->
  <testcase classname="com.webtrix24.rental.tests.customer.CustomerCreateNegativeTest" name="verifyCustomerEmailRejectsInvalidEmail" time="7.137">
    <failure type="java.lang.AssertionError" message="BUG: Invalid Email ACCEPTED jo#hn@gmail.com expected [true] but found [false]">
      <![CDATA[java.lang.AssertionError: BUG: Invalid Email ACCEPTED jo#hn@gmail.com expected [true] but found [false]
at com.webtrix24.rental.tests.customer.CustomerCreateNegativeTest.verifyCustomerEmailRejectsInvalidEmail(CustomerCreateNegativeTest.java:141)
at java.base/java.util.ArrayList.forEach(ArrayList.java:1511)
... Removed 30 stack frames]]>
    </failure>
  </testcase> <!-- verifyCustomerEmailRejectsInvalidEmail -->
  <testcase classname="com.webtrix24.rental.tests.customer.CustomerCreateNegativeTest" name="verifyCustomerEmailRejectsInvalidEmail" time="2.15">
    <failure type="java.lang.AssertionError" message="BUG: Invalid Email ACCEPTED jo hn@gmail.com expected [true] but found [false]">
      <![CDATA[java.lang.AssertionError: BUG: Invalid Email ACCEPTED jo hn@gmail.com expected [true] but found [false]
at com.webtrix24.rental.tests.customer.CustomerCreateNegativeTest.verifyCustomerEmailRejectsInvalidEmail(CustomerCreateNegativeTest.java:141)
at java.base/java.util.ArrayList.forEach(ArrayList.java:1511)
... Removed 30 stack frames]]>
    </failure>
  </testcase> <!-- verifyCustomerEmailRejectsInvalidEmail -->
  <testcase classname="com.webtrix24.rental.tests.customer.CustomerCreateNegativeTest" name="verifyCustomerEmailRejectsInvalidEmail" time="1.063">
    <failure type="java.lang.AssertionError" message="BUG: Invalid Email ACCEPTED john@ expected [true] but found [false]">
      <![CDATA[java.lang.AssertionError: BUG: Invalid Email ACCEPTED john@ expected [true] but found [false]
at com.webtrix24.rental.tests.customer.CustomerCreateNegativeTest.verifyCustomerEmailRejectsInvalidEmail(CustomerCreateNegativeTest.java:141)
at java.base/java.util.ArrayList.forEach(ArrayList.java:1511)
... Removed 30 stack frames]]>
    </failure>
  </testcase> <!-- verifyCustomerEmailRejectsInvalidEmail -->
  <testcase classname="com.webtrix24.rental.tests.customer.CustomerCreateNegativeTest" name="verifyCustomerEmailRejectsInvalidEmail" time="0.729">
    <failure type="java.lang.AssertionError" message="BUG: Invalid Email ACCEPTED john@gmail expected [true] but found [false]">
      <![CDATA[java.lang.AssertionError: BUG: Invalid Email ACCEPTED john@gmail expected [true] but found [false]
at com.webtrix24.rental.tests.customer.CustomerCreateNegativeTest.verifyCustomerEmailRejectsInvalidEmail(CustomerCreateNegativeTest.java:141)
at java.base/java.util.ArrayList.forEach(ArrayList.java:1511)
... Removed 30 stack frames]]>
    </failure>
  </testcase> <!-- verifyCustomerEmailRejectsInvalidEmail -->
  <testcase classname="com.webtrix24.rental.tests.customer.CustomerCreateNegativeTest" name="verifyCustomerEmailRejectsInvalidEmail" time="1.099">
    <failure type="java.lang.AssertionError" message="BUG: Invalid Email ACCEPTED john@.gmail.com expected [true] but found [false]">
      <![CDATA[java.lang.AssertionError: BUG: Invalid Email ACCEPTED john@.gmail.com expected [true] but found [false]
at com.webtrix24.rental.tests.customer.CustomerCreateNegativeTest.verifyCustomerEmailRejectsInvalidEmail(CustomerCreateNegativeTest.java:141)
at java.base/java.util.ArrayList.forEach(ArrayList.java:1511)
... Removed 30 stack frames]]>
    </failure>
  </testcase> <!-- verifyCustomerEmailRejectsInvalidEmail -->
  <testcase classname="com.webtrix24.rental.tests.customer.CustomerCreateNegativeTest" name="verifyCustomerEmailRejectsInvalidEmail" time="1.133">
    <failure type="java.lang.AssertionError" message="BUG: Invalid Email ACCEPTED john@gmail. expected [true] but found [false]">
      <![CDATA[java.lang.AssertionError: BUG: Invalid Email ACCEPTED john@gmail. expected [true] but found [false]
at com.webtrix24.rental.tests.customer.CustomerCreateNegativeTest.verifyCustomerEmailRejectsInvalidEmail(CustomerCreateNegativeTest.java:141)
at java.base/java.util.ArrayList.forEach(ArrayList.java:1511)
... Removed 30 stack frames]]>
    </failure>
  </testcase> <!-- verifyCustomerEmailRejectsInvalidEmail -->
  <testcase classname="com.webtrix24.rental.tests.customer.CustomerCreateNegativeTest" name="verifyCustomerEmailRejectsInvalidEmail" time="1.315">
    <failure type="java.lang.AssertionError" message="BUG: Invalid Email ACCEPTED john@gmail..com expected [true] but found [false]">
      <![CDATA[java.lang.AssertionError: BUG: Invalid Email ACCEPTED john@gmail..com expected [true] but found [false]
at com.webtrix24.rental.tests.customer.CustomerCreateNegativeTest.verifyCustomerEmailRejectsInvalidEmail(CustomerCreateNegativeTest.java:141)
at java.base/java.util.ArrayList.forEach(ArrayList.java:1511)
... Removed 30 stack frames]]>
    </failure>
  </testcase> <!-- verifyCustomerEmailRejectsInvalidEmail -->
  <testcase classname="com.webtrix24.rental.tests.customer.CustomerCreateNegativeTest" name="verifyCustomerEmailRejectsInvalidEmail" time="0.917">
    <failure type="java.lang.AssertionError" message="BUG: Invalid Email ACCEPTED john@gmail.c expected [true] but found [false]">
      <![CDATA[java.lang.AssertionError: BUG: Invalid Email ACCEPTED john@gmail.c expected [true] but found [false]
at com.webtrix24.rental.tests.customer.CustomerCreateNegativeTest.verifyCustomerEmailRejectsInvalidEmail(CustomerCreateNegativeTest.java:141)
at java.base/java.util.ArrayList.forEach(ArrayList.java:1511)
... Removed 30 stack frames]]>
    </failure>
  </testcase> <!-- verifyCustomerEmailRejectsInvalidEmail -->
</testsuite> <!-- Test -->
