<?xml version="1.0" encoding="UTF-8"?>
<testng-results ignored="0" total="1" passed="1" failed="0" skipped="0">
  <reporter-output>
  </reporter-output>
  <suite started-at="2026-02-16T18:25:38 IST" name="Default suite" finished-at="2026-02-16T18:26:59 IST" duration-ms="80692">
    <groups>
    </groups>
    <test started-at="2026-02-16T18:25:38 IST" name="Default test" finished-at="2026-02-16T18:26:59 IST" duration-ms="80692">
      <class name="com.webtrix24.rental.tests.customer.FireWithinLoginTest">
        <test-method is-config="true" signature="setUp()[pri:0, instance:com.webtrix24.rental.tests.customer.FireWithinLoginTest@409bf450]" started-at="2026-02-16T18:25:38 IST" name="setUp" finished-at="2026-02-16T18:25:50 IST" duration-ms="12236" status="PASS">
          <reporter-output>
          </reporter-output>
        </test-method> <!-- setUp -->
        <test-method is-config="true" signature="setUpCustomerCreate()[pri:0, instance:com.webtrix24.rental.tests.customer.FireWithinLoginTest@409bf450]" started-at="2026-02-16T18:25:50 IST" name="setUpCustomerCreate" finished-at="2026-02-16T18:25:51 IST" duration-ms="1245" status="PASS">
          <reporter-output>
          </reporter-output>
        </test-method> <!-- setUpCustomerCreate -->
        <test-method signature="verifyAllUsersLogin()[pri:0, instance:com.webtrix24.rental.tests.customer.FireWithinLoginTest@409bf450]" started-at="2026-02-16T18:25:52 IST" name="verifyAllUsersLogin" finished-at="2026-02-16T18:26:59 IST" duration-ms="67089" status="PASS">
          <reporter-output>
          </reporter-output>
        </test-method> <!-- verifyAllUsersLogin -->
      </class> <!-- com.webtrix24.rental.tests.customer.FireWithinLoginTest -->
    </test> <!-- Default test -->
  </suite> <!-- Default suite -->
</testng-results>
