<?xml version="1.0" encoding="UTF-8"?>
<testng-results ignored="0" total="1" passed="1" failed="0" skipped="0">
  <reporter-output>
  </reporter-output>
  <suite started-at="2026-01-05T18:40:00 IST" name="Default suite" finished-at="2026-01-05T18:40:20 IST" duration-ms="19442">
    <groups>
    </groups>
    <test started-at="2026-01-05T18:40:00 IST" name="Default test" finished-at="2026-01-05T18:40:20 IST" duration-ms="19442">
      <class name="com.webtrix24.rental.tests.dashboard.DashboardPositiveTest">
        <test-method is-config="true" signature="setUp()[pri:0, instance:com.webtrix24.rental.tests.dashboard.DashboardPositiveTest@13b6aecc]" started-at="2026-01-05T18:40:00 IST" name="setUp" finished-at="2026-01-05T18:40:03 IST" duration-ms="3174" status="PASS">
          <reporter-output>
          </reporter-output>
        </test-method> <!-- setUp -->
        <test-method is-config="true" signature="setUpForDashboard()[pri:0, instance:com.webtrix24.rental.tests.dashboard.DashboardPositiveTest@13b6aecc]" started-at="2026-01-05T18:40:03 IST" name="setUpForDashboard" finished-at="2026-01-05T18:40:11 IST" duration-ms="7446" status="PASS">
          <reporter-output>
          </reporter-output>
        </test-method> <!-- setUpForDashboard -->
        <test-method signature="checkDashboard()[pri:0, instance:com.webtrix24.rental.tests.dashboard.DashboardPositiveTest@13b6aecc]" started-at="2026-01-05T18:40:11 IST" name="checkDashboard" finished-at="2026-01-05T18:40:20 IST" duration-ms="8755" status="PASS">
          <reporter-output>
          </reporter-output>
        </test-method> <!-- checkDashboard -->
      </class> <!-- com.webtrix24.rental.tests.dashboard.DashboardPositiveTest -->
    </test> <!-- Default test -->
  </suite> <!-- Default suite -->
</testng-results>
