<?xml version="1.0" encoding="UTF-8"?>
<testng-results ignored="0" total="1" passed="1" failed="0" skipped="0">
  <reporter-output>
  </reporter-output>
  <suite started-at="2026-01-23T13:55:56 IST" name="Default suite" finished-at="2026-01-23T13:58:00 IST" duration-ms="124308">
    <groups>
    </groups>
    <test started-at="2026-01-23T13:55:56 IST" name="Default test" finished-at="2026-01-23T13:58:00 IST" duration-ms="124308">
      <class name="com.webtrix24.rental.tests.products.ProductCreatePositiveTest">
        <test-method is-config="true" signature="setUp()[pri:0, instance:com.webtrix24.rental.tests.products.ProductCreatePositiveTest@1283bb96]" started-at="2026-01-23T13:55:56 IST" name="setUp" finished-at="2026-01-23T13:56:13 IST" duration-ms="16992" status="PASS">
          <reporter-output>
          </reporter-output>
        </test-method> <!-- setUp -->
        <test-method is-config="true" signature="setUpCustomerCreate()[pri:0, instance:com.webtrix24.rental.tests.products.ProductCreatePositiveTest@1283bb96]" started-at="2026-01-23T13:56:13 IST" name="setUpCustomerCreate" finished-at="2026-01-23T13:56:46 IST" duration-ms="33466" status="PASS">
          <reporter-output>
          </reporter-output>
        </test-method> <!-- setUpCustomerCreate -->
        <test-method is-config="true" signature="openCreateProductForm()[pri:0, instance:com.webtrix24.rental.tests.products.ProductCreatePositiveTest@1283bb96]" started-at="2026-01-23T13:56:46 IST" name="openCreateProductForm" finished-at="2026-01-23T13:57:47 IST" duration-ms="61057" status="PASS">
          <reporter-output>
          </reporter-output>
        </test-method> <!-- openCreateProductForm -->
        <test-method signature="verifyProductSelectionFromDropdown()[pri:1, instance:com.webtrix24.rental.tests.products.ProductCreatePositiveTest@1283bb96]" started-at="2026-01-23T13:57:47 IST" name="verifyProductSelectionFromDropdown" description="Verify product selection from dropdown in Create Product form" finished-at="2026-01-23T13:58:00 IST" duration-ms="12695" status="PASS">
          <reporter-output>
          </reporter-output>
        </test-method> <!-- verifyProductSelectionFromDropdown -->
      </class> <!-- com.webtrix24.rental.tests.products.ProductCreatePositiveTest -->
    </test> <!-- Default test -->
  </suite> <!-- Default suite -->
</testng-results>
