<?xml version="1.0" encoding="UTF-8"?>
<testng-results ignored="0" total="1" passed="1" failed="0" skipped="0">
  <reporter-output>
  </reporter-output>
  <suite started-at="2026-01-01T15:12:54 IST" name="Default suite" finished-at="2026-01-01T15:13:20 IST" duration-ms="25407">
    <groups>
    </groups>
    <test started-at="2026-01-01T15:12:54 IST" name="Default test" finished-at="2026-01-01T15:13:20 IST" duration-ms="25407">
      <class name="com.webtrix24.rental.tests.customer.CustomerCreatePositiveTest">
        <test-method is-config="true" signature="setUp()[pri:0, instance:com.webtrix24.rental.tests.customer.CustomerCreatePositiveTest@7d20d0b]" started-at="2026-01-01T15:12:54 IST" name="setUp" finished-at="2026-01-01T15:13:00 IST" duration-ms="5224" status="PASS">
          <reporter-output>
          </reporter-output>
        </test-method> <!-- setUp -->
        <test-method is-config="true" signature="setUpCustomerCreate()[pri:0, instance:com.webtrix24.rental.tests.customer.CustomerCreatePositiveTest@7d20d0b]" started-at="2026-01-01T15:13:00 IST" name="setUpCustomerCreate" finished-at="2026-01-01T15:13:09 IST" duration-ms="9769" status="PASS">
          <reporter-output>
          </reporter-output>
        </test-method> <!-- setUpCustomerCreate -->
        <test-method signature="verifyValidCustomerFormInput()[pri:1, instance:com.webtrix24.rental.tests.customer.CustomerCreatePositiveTest@7d20d0b]" started-at="2026-01-01T15:13:10 IST" name="verifyValidCustomerFormInput" description="Verify valid input fill in Customer Form field" finished-at="2026-01-01T15:13:20 IST" duration-ms="10326" status="PASS">
          <reporter-output>
          </reporter-output>
        </test-method> <!-- verifyValidCustomerFormInput -->
      </class> <!-- com.webtrix24.rental.tests.customer.CustomerCreatePositiveTest -->
    </test> <!-- Default test -->
  </suite> <!-- Default suite -->
</testng-results>
