<?xml version="1.0" encoding="UTF-8"?>
<!-- Generated by org.testng.reporters.JUnitReportReporter -->
<testsuite hostname="DESKTOP-I1L07LM" failures="0" tests="1" name="com.webtrix24.rental.tests.customer.CustomerCreatePositiveTest" time="10.326" errors="0" timestamp="2026-01-01T15:13:20 IST" skipped="0">
  <testcase classname="com.webtrix24.rental.tests.customer.CustomerCreatePositiveTest" name="verifyValidCustomerFormInput" time="10.326"/>
</testsuite> <!-- com.webtrix24.rental.tests.customer.CustomerCreatePositiveTest -->
