<?xml version="1.0" encoding="UTF-8"?>
<!-- Generated by org.testng.reporters.JUnitReportReporter -->
<testsuite hostname="Webtrixs-MacBook-Air.local" failures="0" tests="4" name="com.webtrix24.rental.tests.customer.CustomerSearchTest" time="27.556" errors="0" timestamp="2026-01-17T18:41:31 IST" skipped="3">
  <testcase classname="com.webtrix24.rental.tests.customer.CustomerSearchTest" name="shouldSearchCustomerWithValidMobileNumber" time="27.556"/>
  <testcase classname="com.webtrix24.rental.tests.customer.CustomerSearchTest" name="shouldSearchCustomerWithFullValidName">
    <skipped/>
  </testcase> <!-- shouldSearchCustomerWithFullValidName -->
  <testcase classname="com.webtrix24.rental.tests.customer.CustomerSearchTest" name="shouldSearchCustomerWithValidEmail">
    <skipped/>
  </testcase> <!-- shouldSearchCustomerWithValidEmail -->
  <testcase classname="com.webtrix24.rental.tests.customer.CustomerSearchTest" name="shouldSearchCustomerWithPartialName">
    <skipped/>
  </testcase> <!-- shouldSearchCustomerWithPartialName -->
</testsuite> <!-- com.webtrix24.rental.tests.customer.CustomerSearchTest -->
