<?xml version="1.0" encoding="UTF-8"?>
<!-- Generated by org.testng.reporters.JUnitReportReporter -->
<testsuite hostname="Webtrixs-MacBook-Air.local" failures="0" tests="1" name="com.webtrix24.rental.tests.products.ProductBulkUploadTest" time="159.421" errors="0" timestamp="2026-02-11T15:01:18 IST" skipped="0">
  <testcase classname="com.webtrix24.rental.tests.products.ProductBulkUploadTest" name="bulkUploadProducts" time="159.421"/>
</testsuite> <!-- com.webtrix24.rental.tests.products.ProductBulkUploadTest -->
