<?xml version="1.0" encoding="UTF-8"?>
<!-- Generated by org.testng.reporters.JUnitReportReporter -->
<testsuite hostname="Webtrixs-MacBook-Air.local" failures="0" tests="3" name="com.webtrix24.rental.tests.customer.CustomerEditTest" time="60.501" errors="0" timestamp="2026-01-17T15:33:26 IST" skipped="2">
  <testcase classname="com.webtrix24.rental.tests.customer.CustomerEditTest" name="shouldEditCustomerSuccessfully" time="60.501"/>
  <testcase classname="com.webtrix24.rental.tests.customer.CustomerEditTest" name="shouldOpenCustomerReportFromList">
    <skipped/>
  </testcase> <!-- shouldOpenCustomerReportFromList -->
  <testcase classname="com.webtrix24.rental.tests.customer.CustomerEditTest" name="shouldOpenCustomerEditForm">
    <skipped/>
  </testcase> <!-- shouldOpenCustomerEditForm -->
</testsuite> <!-- com.webtrix24.rental.tests.customer.CustomerEditTest -->
