<?xml version="1.0" encoding="UTF-8"?>
<!-- Generated by org.testng.reporters.JUnitReportReporter -->
<testsuite hostname="Webtrixs-MacBook-Air.local" failures="0" tests="1" name="com.webtrix24.rental.tests.products.ProductCreateNegativeTest" time="95.945" errors="0" timestamp="2026-01-28T11:19:28 IST" skipped="0">
  <testcase classname="com.webtrix24.rental.tests.products.ProductCreateNegativeTest" name="verifyDuplicateBarcodeError" time="95.945"/>
</testsuite> <!-- com.webtrix24.rental.tests.products.ProductCreateNegativeTest -->
