<?xml version="1.0" encoding="UTF-8"?>
<!-- Generated by org.testng.reporters.JUnitReportReporter -->
<testsuite hostname="Webtrixs-MacBook-Air.local" failures="0" tests="2" name="com.webtrix24.rental.tests.products.ProductDuplicateNegativeTest" time="66.145" errors="0" timestamp="2026-01-29T11:00:48 IST" skipped="1">
  <testcase classname="com.webtrix24.rental.tests.products.ProductDuplicateNegativeTest" name="verifyDuplicateWithExistingSerialNumber" time="66.145"/>
  <testcase classname="com.webtrix24.rental.tests.products.ProductDuplicateNegativeTest" name="verifyDuplicateSaveWithoutSerialNumber">
    <skipped/>
  </testcase> <!-- verifyDuplicateSaveWithoutSerialNumber -->
</testsuite> <!-- com.webtrix24.rental.tests.products.ProductDuplicateNegativeTest -->
