<?xml version="1.0" encoding="UTF-8"?>
<!-- Generated by org.testng.reporters.JUnitReportReporter -->
<testsuite hostname="Webtrixs-MacBook-Air.local" failures="0" tests="3" name="com.webtrix24.rental.tests.customer.CustomerCreatePositiveTest" time="84.240" errors="0" timestamp="2026-01-17T15:33:26 IST" skipped="2">
  <testcase classname="com.webtrix24.rental.tests.customer.CustomerCreatePositiveTest" name="verifyValidCustomerForm" time="84.240"/>
  <testcase classname="com.webtrix24.rental.tests.customer.CustomerCreatePositiveTest" name="verifyCustomerAndBillingNameSame_AfterSave">
    <skipped/>
  </testcase> <!-- verifyCustomerAndBillingNameSame_AfterSave -->
  <testcase classname="com.webtrix24.rental.tests.customer.CustomerCreatePositiveTest" name="shouldCreateCustomerWithOnlyCustomerName">
    <skipped/>
  </testcase> <!-- shouldCreateCustomerWithOnlyCustomerName -->
</testsuite> <!-- com.webtrix24.rental.tests.customer.CustomerCreatePositiveTest -->
