<?xml version="1.0" encoding="UTF-8"?>
<!-- Generated by org.testng.reporters.JUnitReportReporter -->
<testsuite hostname="DESKTOP-I1L07LM" failures="0" tests="1" name="com.webtrix24.rental.tests.customer.CustomerCreateFunctionalTest" time="4.086" errors="0" timestamp="2025-12-20T12:30:37 IST" skipped="0">
  <testcase classname="com.webtrix24.rental.tests.customer.CustomerCreateFunctionalTest" name="verifyValidCustomerNameInput" time="4.086"/>
</testsuite> <!-- com.webtrix24.rental.tests.customer.CustomerCreateFunctionalTest -->
