<?xml version="1.0" encoding="UTF-8"?>
<!-- Generated by org.testng.reporters.JUnitReportReporter -->
<testsuite hostname="Webtrixs-MacBook-Air.local" failures="0" tests="1" name="com.webtrix24.rental.tests.products.ProductCreatePositiveTest" time="73.752" errors="0" timestamp="2026-01-23T13:58:00 IST" skipped="0">
  <testcase classname="com.webtrix24.rental.tests.products.ProductCreatePositiveTest" name="verifyProductSelectionFromDropdown" time="73.752"/>
</testsuite> <!-- com.webtrix24.rental.tests.products.ProductCreatePositiveTest -->
