<?xml version="1.0" encoding="UTF-8"?>
<!-- Generated by org.testng.reporters.JUnitReportReporter -->
<testsuite hostname="Webtrixs-MacBook-Air.local" failures="0" tests="20" name="com.webtrix24.rental.tests.customer.CustomerCreatePositiveTest" time="56.795" errors="1" timestamp="2026-01-16T17:47:58 IST" skipped="19">
  <testcase classname="com.webtrix24.rental.tests.customer.CustomerCreatePositiveTest" name="verifyValidCustomerForm" time="56.795">
    <error message="Expected condition failed: waiting for element to be clickable: By.xpath: //div[@role=&#039;option&#039;]//span[contains(normalize-space(),&#039;FB&#039;)] (tried for 10 second(s) with 500 milliseconds interval)
Build info: version: &#039;4.17.0&#039;, revision: &#039;e52b1be057*&#039;
System info: os.name: &#039;Mac OS X&#039;, os.arch: &#039;x86_64&#039;, os.version: &#039;14.1.1&#039;, java.version: &#039;17&#039;
Driver info: org.openqa.selenium.chrome.ChromeDriver
Capabilities {acceptInsecureCerts: false, browserName: chrome, browserVersion: 143.0.7499.193, chrome: {chromedriverVersion: 143.0.7499.192 (be2c1f4fd45..., userDataDir: /var/folders/2w/qcmlvkks7l5...}, fedcm:accounts: true, goog:chromeOptions: {debuggerAddress: localhost:50133}, goog:processID: 3550, networkConnectionEnabled: false, pageLoadStrategy: normal, platformName: mac, proxy: Proxy(), se:cdp: ws://localhost:50133/devtoo..., se:cdpVersion: 143.0.7499.193, setWindowRect: true, strictFileInteractability: false, timeouts: {implicit: 0, pageLoad: 300000, script: 30000}, unhandledPromptBehavior: dismiss and notify, webauthn:extension:credBlob: true, webauthn:extension:largeBlob: true, webauthn:extension:minPinLength: true, webauthn:extension:prf: true, webauthn:virtualAuthenticators: true}
Session ID: 640fdd170bb1a9683cfa12f297020278" type="org.openqa.selenium.TimeoutException">
      <![CDATA[org.openqa.selenium.TimeoutException: Expected condition failed: waiting for element to be clickable: By.xpath: //div[@role='option']//span[contains(normalize-space(),'FB')] (tried for 10 second(s) with 500 milliseconds interval)
Build info: version: '4.17.0', revision: 'e52b1be057*'
System info: os.name: 'Mac OS X', os.arch: 'x86_64', os.version: '14.1.1', java.version: '17'
Driver info: org.openqa.selenium.chrome.ChromeDriver
Capabilities {acceptInsecureCerts: false, browserName: chrome, browserVersion: 143.0.7499.193, chrome: {chromedriverVersion: 143.0.7499.192 (be2c1f4fd45..., userDataDir: /var/folders/2w/qcmlvkks7l5...}, fedcm:accounts: true, goog:chromeOptions: {debuggerAddress: localhost:50133}, goog:processID: 3550, networkConnectionEnabled: false, pageLoadStrategy: normal, platformName: mac, proxy: Proxy(), se:cdp: ws://localhost:50133/devtoo..., se:cdpVersion: 143.0.7499.193, setWindowRect: true, strictFileInteractability: false, timeouts: {implicit: 0, pageLoad: 300000, script: 30000}, unhandledPromptBehavior: dismiss and notify, webauthn:extension:credBlob: true, webauthn:extension:largeBlob: true, webauthn:extension:minPinLength: true, webauthn:extension:prf: true, webauthn:virtualAuthenticators: true}
Session ID: 640fdd170bb1a9683cfa12f297020278
at org.openqa.selenium.support.ui.WebDriverWait.timeoutException(WebDriverWait.java:84)
at org.openqa.selenium.support.ui.FluentWait.until(FluentWait.java:228)
at com.webtrix24.rental.pages.CustomersPage.selectDropdownOption(CustomersPage.java:175)
at com.webtrix24.rental.pages.CustomersPage.fillCustomerForm(CustomersPage.java:350)
at com.webtrix24.rental.tests.customer.CustomerCreatePositiveTest.verifyValidCustomerForm(CustomerCreatePositiveTest.java:413)
at java.base/jdk.internal.reflect.NativeMethodAccessorImpl.invoke0(Native Method)
at java.base/jdk.internal.reflect.NativeMethodAccessorImpl.invoke(NativeMethodAccessorImpl.java:77)
at java.base/jdk.internal.reflect.DelegatingMethodAccessorImpl.invoke(DelegatingMethodAccessorImpl.java:43)
at java.base/java.lang.reflect.Method.invoke(Method.java:568)
at org.testng.internal.invokers.MethodInvocationHelper.invokeMethod(MethodInvocationHelper.java:141)
at org.testng.internal.invokers.TestInvoker.invokeMethod(TestInvoker.java:687)
at org.testng.internal.invokers.TestInvoker.invokeTestMethod(TestInvoker.java:230)
at org.testng.internal.invokers.MethodRunner.runInSequence(MethodRunner.java:63)
at org.testng.internal.invokers.TestInvoker$MethodInvocationAgent.invoke(TestInvoker.java:995)
at org.testng.internal.invokers.TestInvoker.invokeTestMethods(TestInvoker.java:203)
at org.testng.internal.invokers.TestMethodWorker.invokeTestMethods(TestMethodWorker.java:154)
at org.testng.internal.invokers.TestMethodWorker.run(TestMethodWorker.java:134)
at java.base/java.util.ArrayList.forEach(ArrayList.java:1511)
at org.testng.TestRunner.privateRun(TestRunner.java:741)
at org.testng.TestRunner.run(TestRunner.java:616)
at org.testng.SuiteRunner.runTest(SuiteRunner.java:421)
at org.testng.SuiteRunner.runSequentially(SuiteRunner.java:413)
at org.testng.SuiteRunner.privateRun(SuiteRunner.java:373)
at org.testng.SuiteRunner.run(SuiteRunner.java:312)
at org.testng.SuiteRunnerWorker.runSuite(SuiteRunnerWorker.java:52)
at org.testng.SuiteRunnerWorker.run(SuiteRunnerWorker.java:95)
at org.testng.TestNG.runSuitesSequentially(TestNG.java:1274)
at org.testng.TestNG.runSuitesLocally(TestNG.java:1208)
at org.testng.TestNG.runSuites(TestNG.java:1112)
at org.testng.TestNG.run(TestNG.java:1079)
at org.testng.remote.AbstractRemoteTestNG.run(AbstractRemoteTestNG.java:115)
at org.testng.remote.RemoteTestNG.initAndRun(RemoteTestNG.java:293)
at org.testng.remote.RemoteTestNG.main(RemoteTestNG.java:91)
]]>
    </error>
  </testcase> <!-- verifyValidCustomerForm -->
  <testcase classname="com.webtrix24.rental.tests.customer.CustomerCreatePositiveTest" name="verifyCustomerWithZipcode">
    <skipped/>
  </testcase> <!-- verifyCustomerWithZipcode -->
  <testcase classname="com.webtrix24.rental.tests.customer.CustomerCreatePositiveTest" name="verifySaveAndNewClearsFormExceptAssignee">
    <skipped/>
  </testcase> <!-- verifySaveAndNewClearsFormExceptAssignee -->
  <testcase classname="com.webtrix24.rental.tests.customer.CustomerCreatePositiveTest" name="createCustomerValidGstState">
    <skipped/>
  </testcase> <!-- createCustomerValidGstState -->
  <testcase classname="com.webtrix24.rental.tests.customer.CustomerCreatePositiveTest" name="verifyAssigneeAutoFilledWithLoggedInUser">
    <skipped/>
  </testcase> <!-- verifyAssigneeAutoFilledWithLoggedInUser -->
  <testcase classname="com.webtrix24.rental.tests.customer.CustomerCreatePositiveTest" name="createEMailCustomer">
    <skipped/>
  </testcase> <!-- createEMailCustomer -->
  <testcase classname="com.webtrix24.rental.tests.customer.CustomerCreatePositiveTest" name="verifyCustomerWithWebsite">
    <skipped/>
  </testcase> <!-- verifyCustomerWithWebsite -->
  <testcase classname="com.webtrix24.rental.tests.customer.CustomerCreatePositiveTest" name="verifyCustomerAndBillingNameSame_AfterSave">
    <skipped/>
  </testcase> <!-- verifyCustomerAndBillingNameSame_AfterSave -->
  <testcase classname="com.webtrix24.rental.tests.customer.CustomerCreatePositiveTest" name="shouldCreateCustomerWithOnlySelectingSource">
    <skipped/>
  </testcase> <!-- shouldCreateCustomerWithOnlySelectingSource -->
  <testcase classname="com.webtrix24.rental.tests.customer.CustomerCreatePositiveTest" name="shouldCreateCustomerWithOnlyCustomerName">
    <skipped/>
  </testcase> <!-- shouldCreateCustomerWithOnlyCustomerName -->
  <testcase classname="com.webtrix24.rental.tests.customer.CustomerCreatePositiveTest" name="verifyCustomerAndBillingNameDifferent_AfterSave">
    <skipped/>
  </testcase> <!-- verifyCustomerAndBillingNameDifferent_AfterSave -->
  <testcase classname="com.webtrix24.rental.tests.customer.CustomerCreatePositiveTest" name="createMobileCustomer">
    <skipped/>
  </testcase> <!-- createMobileCustomer -->
  <testcase classname="com.webtrix24.rental.tests.customer.CustomerCreatePositiveTest" name="createPanCustomer">
    <skipped/>
  </testcase> <!-- createPanCustomer -->
  <testcase classname="com.webtrix24.rental.tests.customer.CustomerCreatePositiveTest" name="verifyValidCustomerFormInput">
    <skipped/>
  </testcase> <!-- verifyValidCustomerFormInput -->
  <testcase classname="com.webtrix24.rental.tests.customer.CustomerCreatePositiveTest" name="createGstCustomer">
    <skipped/>
  </testcase> <!-- createGstCustomer -->
  <testcase classname="com.webtrix24.rental.tests.customer.CustomerCreatePositiveTest" name="verifyCustomerWithBillingAddress">
    <skipped/>
  </testcase> <!-- verifyCustomerWithBillingAddress -->
  <testcase classname="com.webtrix24.rental.tests.customer.CustomerCreatePositiveTest" name="createCustomerMobileNumberWhatsaaNumberSame">
    <skipped/>
  </testcase> <!-- createCustomerMobileNumberWhatsaaNumberSame -->
  <testcase classname="com.webtrix24.rental.tests.customer.CustomerCreatePositiveTest" name="verifyPanNumberAutoConvertedToUppercase">
    <skipped/>
  </testcase> <!-- verifyPanNumberAutoConvertedToUppercase -->
  <testcase classname="com.webtrix24.rental.tests.customer.CustomerCreatePositiveTest" name="createCustomerMobileNumberWhatsaaNumberDifferent">
    <skipped/>
  </testcase> <!-- createCustomerMobileNumberWhatsaaNumberDifferent -->
  <testcase classname="com.webtrix24.rental.tests.customer.CustomerCreatePositiveTest" name="createAadharCustomer">
    <skipped/>
  </testcase> <!-- createAadharCustomer -->
</testsuite> <!-- com.webtrix24.rental.tests.customer.CustomerCreatePositiveTest -->
