<?xml version="1.0" encoding="UTF-8"?>
<!-- Generated by org.testng.reporters.JUnitReportReporter -->
<testsuite hostname="Webtrixs-MacBook-Air.local" failures="0" tests="1" name="com.webtrix24.rental.tests.products.ProductEditTest" time="176.724" errors="0" timestamp="2026-01-30T12:47:50 IST" skipped="0">
  <testcase classname="com.webtrix24.rental.tests.products.ProductEditTest" name="verifyProductEditFields" time="176.724"/>
</testsuite> <!-- com.webtrix24.rental.tests.products.ProductEditTest -->
