<?xml version="1.0" encoding="UTF-8"?>
<!-- Generated by org.testng.reporters.JUnitReportReporter -->
<testsuite hostname="Webtrixs-MacBook-Air.local" failures="0" tests="3" name="com.webtrix24.rental.tests.customer.CustomerExportTest" time="20.909" errors="0" timestamp="2026-01-17T12:02:12 IST" skipped="2">
  <testcase classname="com.webtrix24.rental.tests.customer.CustomerExportTest" name="shouldExportCustomerListAsExcel" time="20.909"/>
  <testcase classname="com.webtrix24.rental.tests.customer.CustomerExportTest" name="shouldExportCustomerListAsPDF">
    <skipped/>
  </testcase> <!-- shouldExportCustomerListAsPDF -->
  <testcase classname="com.webtrix24.rental.tests.customer.CustomerExportTest" name="shouldExportFilteredCustomerListAsPDF">
    <skipped/>
  </testcase> <!-- shouldExportFilteredCustomerListAsPDF -->
</testsuite> <!-- com.webtrix24.rental.tests.customer.CustomerExportTest -->
