<?xml version="1.0" encoding="UTF-8"?>
<!-- Generated by org.testng.reporters.JUnitReportReporter -->
<testsuite hostname="Webtrixs-MacBook-Air.local" failures="0" tests="1" name="com.webtrix24.rental.tests.products.ProductExportTest" time="39.711" errors="0" timestamp="2026-02-03T16:16:22 IST" skipped="0">
  <testcase classname="com.webtrix24.rental.tests.products.ProductExportTest" name="shouldExportProductsListAsPDF" time="39.711"/>
</testsuite> <!-- com.webtrix24.rental.tests.products.ProductExportTest -->
