<?xml version="1.0" encoding="UTF-8"?>
<!-- Generated by org.testng.reporters.JUnitReportReporter -->
<testsuite hostname="SANKET" failures="0" tests="1" name="com.webtrix24.rental.tests.userprofile.UserProfilePositiveTest" time="17.266" errors="0" timestamp="2026-01-05T16:30:37 IST" skipped="0">
  <testcase classname="com.webtrix24.rental.tests.userprofile.UserProfilePositiveTest" name="updateProfilePage" time="17.266"/>
</testsuite> <!-- com.webtrix24.rental.tests.userprofile.UserProfilePositiveTest -->
