<?xml version="1.0" encoding="UTF-8"?>
<!-- Generated by org.testng.reporters.JUnitReportReporter -->
<testsuite hostname="Webtrixs-MacBook-Air.local" failures="0" tests="1" name="com.webtrix24.rental.tests.customer.FireWithinLoginTest" time="67.089" errors="0" timestamp="2026-02-16T18:26:59 IST" skipped="0">
  <testcase classname="com.webtrix24.rental.tests.customer.FireWithinLoginTest" name="verifyAllUsersLogin" time="67.089"/>
</testsuite> <!-- com.webtrix24.rental.tests.customer.FireWithinLoginTest -->
