<?xml version="1.0" encoding="UTF-8"?>
<!-- Generated by org.testng.reporters.JUnitReportReporter -->
<testsuite hostname="DESKTOP-I1L07LM" failures="0" tests="1" name="com.webtrix24.rental.tests.products.ProductCreatePositiveTest" time="3.158" errors="0" timestamp="2025-12-20T15:48:05 IST" skipped="0">
  <testcase classname="com.webtrix24.rental.tests.products.ProductCreatePositiveTest" name="verifyProductSelectionFromDropdown" time="3.158"/>
</testsuite> <!-- com.webtrix24.rental.tests.products.ProductCreatePositiveTest -->
