<?xml version="1.0" encoding="UTF-8"?>
<!-- Generated by org.testng.reporters.JUnitReportReporter -->
<testsuite hostname="Webtrixs-MacBook-Air.local" failures="0" tests="1" name="com.webtrix24.rental.tests.userprofile.CompanySelection" time="6.487" errors="0" timestamp="2026-01-27T11:34:32 IST" skipped="0">
  <testcase classname="com.webtrix24.rental.tests.userprofile.CompanySelection" name="VerifySelectNonGST" time="6.487"/>
</testsuite> <!-- com.webtrix24.rental.tests.userprofile.CompanySelection -->
